{
  "RSpec": {
    "coverage": {
      "/mnt/e/GenerasiGigih/code/GenerasiGIGIH/Module 4/Session 3/homework/spec/models/category_spec.rb": {
        "lines": [
          1,
          1,
          null,
          1,
          1,
          1,
          1,
          1,
          null,
          null,
          1,
          1,
          null,
          null,
          null,
          1,
          1,
          1,
          null,
          null,
          1,
          1,
          null,
          null,
          null,
          null,
          1,
          1,
          1,
          1,
          null,
          null,
          1,
          1,
          null,
          null,
          null,
          1,
          1,
          1,
          null,
          null,
          null,
          1,
          1,
          1,
          1,
          null,
          null,
          null,
          null,
          1,
          1,
          1,
          1,
          1,
          1,
          1,
          null,
          null,
          1,
          1,
          1,
          1,
          1,
          1,
          null,
          1,
          null,
          null,
          null,
          1,
          1,
          null,
          1,
          null,
          null,
          1,
          1,
          1,
          1,
          null,
          null,
          1,
          null,
          null,
          null,
          1,
          2,
          2,
          null,
          null,
          null,
          1,
          1,
          null,
          1,
          null,
          1,
          1,
          1,
          1,
          null,
          1,
          1,
          1,
          null,
          null,
          null,
          null,
          1,
          1,
          1,
          null,
          1,
          null,
          1,
          null,
          null,
          null,
          1,
          1,
          1,
          1,
          null,
          1,
          null,
          null,
          null,
          null,
          1,
          1,
          1,
          1,
          null,
          null,
          null,
          1,
          1,
          1,
          1,
          null,
          1,
          null,
          null,
          null,
          null
        ]
      },
      "/mnt/e/GenerasiGigih/code/GenerasiGIGIH/Module 4/Session 3/homework/db/db_connector.rb": {
        "lines": [
          1,
          null,
          1,
          14,
          null,
          null,
          null,
          null,
          null,
          14,
          null
        ]
      },
      "/mnt/e/GenerasiGigih/code/GenerasiGIGIH/Module 4/Session 3/homework/models/category.rb": {
        "lines": [
          1,
          null,
          1,
          1,
          null,
          1,
          12,
          12,
          12,
          null,
          null,
          1,
          2,
          2,
          2,
          null,
          null,
          1,
          2,
          1,
          1,
          1,
          null,
          null,
          1,
          2,
          2,
          2,
          null,
          null,
          1,
          null,
          null,
          null,
          1,
          1,
          1,
          null,
          null,
          1,
          1,
          1,
          null,
          null,
          1,
          3,
          null,
          null,
          2,
          2,
          3,
          3,
          null,
          2,
          null,
          null,
          null,
          1,
          4,
          2,
          null,
          null
        ]
      },
      "/mnt/e/GenerasiGigih/code/GenerasiGIGIH/Module 4/Session 3/homework/spec/models/item_spec.rb": {
        "lines": [
          1,
          1,
          null,
          1,
          1,
          1,
          1,
          1,
          null,
          null,
          null,
          null,
          1,
          1,
          null,
          null,
          null,
          1,
          1,
          1,
          null,
          null,
          null,
          null,
          1,
          1,
          null,
          null,
          null,
          null,
          1,
          1,
          1,
          1,
          null,
          null,
          null,
          null,
          1,
          1,
          null,
          null,
          null,
          1,
          1,
          1,
          null,
          null,
          null,
          null,
          null,
          1,
          1,
          1,
          1,
          null,
          null,
          null,
          null,
          1,
          1,
          1,
          1,
          1,
          1,
          1,
          null,
          null,
          1,
          1,
          1,
          1,
          1,
          1,
          null,
          1,
          null,
          null,
          null,
          1,
          1,
          null,
          1,
          null,
          null,
          1,
          1,
          1,
          1,
          null,
          null,
          1,
          null,
          null,
          null,
          1,
          2,
          2,
          2,
          null,
          null,
          null,
          1,
          1,
          null,
          1,
          null,
          1,
          1,
          1,
          1,
          null,
          1,
          1,
          1,
          1,
          null,
          null,
          null,
          null,
          1,
          1,
          1,
          null,
          1,
          null,
          null,
          null,
          1,
          null,
          null,
          null,
          null,
          null,
          1,
          1,
          1,
          1,
          null,
          1,
          null,
          null,
          null,
          null,
          1,
          1,
          1,
          1,
          null,
          null,
          null,
          null,
          null,
          1,
          1,
          1,
          1,
          null,
          1,
          null,
          null,
          null,
          null
        ]
      },
      "/mnt/e/GenerasiGigih/code/GenerasiGIGIH/Module 4/Session 3/homework/models/item.rb": {
        "lines": [
          1,
          null,
          1,
          1,
          null,
          1,
          12,
          12,
          12,
          12,
          null,
          null,
          1,
          2,
          1,
          1,
          1,
          null,
          1,
          null,
          null,
          null,
          1,
          2,
          2,
          2,
          null,
          null,
          1,
          1,
          1,
          1,
          null,
          null,
          1,
          1,
          1,
          null,
          null,
          1,
          2,
          2,
          2,
          null,
          null,
          1,
          null,
          null,
          null,
          1,
          3,
          null,
          null,
          2,
          2,
          3,
          3,
          null,
          2,
          null,
          null,
          null,
          1,
          4,
          2,
          2,
          null,
          null
        ]
      }
    },
    "timestamp": 1628103026
  }
}
